<?xml version="1.0" encoding="UTF-8"?>
<!-- Generated by org.testng.reporters.JUnitXMLReporter -->
<testsuite hostname="DELLT5CG8151K84" ignored="2" name="Default test" tests="2" failures="0" timestamp="2021-08-02T16:34:14 IST" time="0.142" errors="0">
  <testcase name="post" time="0.022" classname="restAssured.GetPostExample"/>
  <testcase name="post" time="0.003" classname="restAssured.GetPostExample"/>
  <testcase name="get" time="0.0" classname="restAssured.GetPostExample">
    <ignored/>
  </testcase> <!-- get -->
  <testcase name="put" time="0.0" classname="restAssured.GetPostExample">
    <ignored/>
  </testcase> <!-- put -->
</testsuite> <!-- Default test -->
