<?xml version="1.0" encoding="UTF-8"?>
<testng-results skipped="0" failed="0" ignored="2" total="4" passed="2">
  <reporter-output>
  </reporter-output>
  <suite name="Default suite" duration-ms="142" started-at="2021-08-02T16:34:14 IST" finished-at="2021-08-02T16:34:14 IST">
    <groups>
    </groups>
    <test name="Default test" duration-ms="142" started-at="2021-08-02T16:34:14 IST" finished-at="2021-08-02T16:34:14 IST">
      <class name="restAssured.GetPostExample">
        <test-method status="PASS" signature="post(java.lang.String,java.lang.String,int)[pri:0, instance:restAssured.GetPostExample@396e2f39]" name="post" duration-ms="22" started-at="2021-08-02T16:34:14 IST" data-provider="DataForPost" finished-at="2021-08-02T16:34:14 IST">
          <params>
            <param index="0">
              <value>
                <![CDATA[Saniya]]>
              </value>
            </param>
            <param index="1">
              <value>
                <![CDATA[Chemistry]]>
              </value>
            </param>
            <param index="2">
              <value>
                <![CDATA[5]]>
              </value>
            </param>
          </params>
          <reporter-output>
          </reporter-output>
        </test-method> <!-- post -->
        <test-method status="PASS" signature="post(java.lang.String,java.lang.String,int)[pri:0, instance:restAssured.GetPostExample@396e2f39]" name="post" duration-ms="3" started-at="2021-08-02T16:34:14 IST" data-provider="DataForPost" finished-at="2021-08-02T16:34:14 IST">
          <params>
            <param index="0">
              <value>
                <![CDATA[Uday]]>
              </value>
            </param>
            <param index="1">
              <value>
                <![CDATA[Physics]]>
              </value>
            </param>
            <param index="2">
              <value>
                <![CDATA[6]]>
              </value>
            </param>
          </params>
          <reporter-output>
          </reporter-output>
        </test-method> <!-- post -->
      </class> <!-- restAssured.GetPostExample -->
    </test> <!-- Default test -->
  </suite> <!-- Default suite -->
</testng-results>
